<?xml version="1.0" encoding="UTF-8"?>
<testng-results skipped="0" failed="2" total="5" passed="3">
  <reporter-output>
  </reporter-output>
  <suite name="Surefire suite" duration-ms="14123" started-at="2018-03-05T08:25:54Z" finished-at="2018-03-05T08:26:08Z">
    <groups>
    </groups>
    <test name="Surefire test" duration-ms="14123" started-at="2018-03-05T08:25:54Z" finished-at="2018-03-05T08:26:08Z">
      <class name="autotest.yandex.YandexMainPageTest">
        <test-method status="PASS" signature="beforeTest()[pri:0, instance:autotest.yandex.YandexMainPageTest@5034c75a]" name="beforeTest" is-config="true" duration-ms="28" started-at="2018-03-05T11:25:54Z" finished-at="2018-03-05T11:25:54Z">
          <reporter-output>
          </reporter-output>
        </test-method> <!-- beforeTest -->
        <test-method status="PASS" signature="LanguageTest()[pri:0, instance:autotest.yandex.YandexMainPageTest@5034c75a]" name="LanguageTest" duration-ms="3433" started-at="2018-03-05T11:25:54Z" finished-at="2018-03-05T11:25:57Z">
          <reporter-output>
          </reporter-output>
        </test-method> <!-- LanguageTest -->
        <test-method status="PASS" signature="WeatherTest()[pri:0, instance:autotest.yandex.YandexMainPageTest@5034c75a]" name="WeatherTest" duration-ms="1424" started-at="2018-03-05T11:25:57Z" finished-at="2018-03-05T11:25:59Z">
          <reporter-output>
          </reporter-output>
        </test-method> <!-- WeatherTest -->
      </class> <!-- autotest.yandex.YandexMainPageTest -->
      <class name="autotest.yandex.YandexMarketTest">
        <test-method status="PASS" signature="DriverStart()[pri:0, instance:autotest.yandex.YandexMarketTest@32d992b2]" name="DriverStart" is-config="true" duration-ms="699" started-at="2018-03-05T11:25:53Z" finished-at="2018-03-05T11:25:54Z">
          <reporter-output>
          </reporter-output>
        </test-method> <!-- DriverStart -->
        <test-method status="PASS" signature="beforeTest()[pri:0, instance:autotest.yandex.YandexMarketTest@32d992b2]" name="beforeTest" is-config="true" duration-ms="4022" started-at="2018-03-05T11:25:59Z" finished-at="2018-03-05T11:26:03Z">
          <reporter-output>
          </reporter-output>
        </test-method> <!-- beforeTest -->
        <test-method status="FAIL" signature="ProductsCountTest()[pri:0, instance:autotest.yandex.YandexMarketTest@32d992b2]" name="ProductsCountTest" duration-ms="23" started-at="2018-03-05T11:26:03Z" finished-at="2018-03-05T11:26:03Z">
          <exception class="java.lang.AssertionError">
            <message>
              <![CDATA[expected [12] but found [48]]]>
            </message>
            <full-stacktrace>
              <![CDATA[java.lang.AssertionError: expected [12] but found [48]
	at org.testng.Assert.fail(Assert.java:94)
	at org.testng.Assert.failNotEquals(Assert.java:494)
	at org.testng.Assert.assertEquals(Assert.java:123)
	at org.testng.Assert.assertEquals(Assert.java:370)
	at org.testng.Assert.assertEquals(Assert.java:380)
	at autotest.yandex.YandexMarketTest.ProductsCountTest(YandexMarketTest.java:30)
	at sun.reflect.NativeMethodAccessorImpl.invoke0(Native Method)
	at sun.reflect.NativeMethodAccessorImpl.invoke(NativeMethodAccessorImpl.java:62)
	at sun.reflect.DelegatingMethodAccessorImpl.invoke(DelegatingMethodAccessorImpl.java:43)
	at java.lang.reflect.Method.invoke(Method.java:498)
	at org.testng.internal.MethodInvocationHelper.invokeMethod(MethodInvocationHelper.java:84)
	at org.testng.internal.Invoker.invokeMethod(Invoker.java:714)
	at org.testng.internal.Invoker.invokeTestMethod(Invoker.java:901)
	at org.testng.internal.Invoker.invokeTestMethods(Invoker.java:1231)
	at org.testng.internal.TestMethodWorker.invokeTestMethods(TestMethodWorker.java:127)
	at org.testng.internal.TestMethodWorker.run(TestMethodWorker.java:111)
	at org.testng.TestRunner.privateRun(TestRunner.java:767)
	at org.testng.TestRunner.run(TestRunner.java:617)
	at org.testng.SuiteRunner.runTest(SuiteRunner.java:334)
	at org.testng.SuiteRunner.runSequentially(SuiteRunner.java:329)
	at org.testng.SuiteRunner.privateRun(SuiteRunner.java:291)
	at org.testng.SuiteRunner.run(SuiteRunner.java:240)
	at org.testng.SuiteRunnerWorker.runSuite(SuiteRunnerWorker.java:52)
	at org.testng.SuiteRunnerWorker.run(SuiteRunnerWorker.java:86)
	at org.testng.TestNG.runSuitesSequentially(TestNG.java:1224)
	at org.testng.TestNG.runSuitesLocally(TestNG.java:1149)
	at org.testng.TestNG.run(TestNG.java:1057)
	at org.apache.maven.surefire.testng.TestNGExecutor.run(TestNGExecutor.java:115)
	at org.apache.maven.surefire.testng.TestNGDirectoryTestSuite.executeMulti(TestNGDirectoryTestSuite.java:205)
	at org.apache.maven.surefire.testng.TestNGDirectoryTestSuite.execute(TestNGDirectoryTestSuite.java:108)
	at org.apache.maven.surefire.testng.TestNGProvider.invoke(TestNGProvider.java:111)
	at org.apache.maven.surefire.booter.ForkedBooter.invokeProviderInSameClassLoader(ForkedBooter.java:203)
	at org.apache.maven.surefire.booter.ForkedBooter.runSuitesInProcess(ForkedBooter.java:155)
	at org.apache.maven.surefire.booter.ForkedBooter.main(ForkedBooter.java:103)
]]>
            </full-stacktrace>
          </exception> <!-- java.lang.AssertionError -->
          <reporter-output>
          </reporter-output>
        </test-method> <!-- ProductsCountTest -->
        <test-method status="FAIL" signature="SortingAscTest()[pri:0, instance:autotest.yandex.YandexMarketTest@32d992b2]" name="SortingAscTest" duration-ms="2678" started-at="2018-03-05T11:26:03Z" finished-at="2018-03-05T11:26:05Z">
          <exception class="java.lang.AssertionError">
            <message>
              <![CDATA[Lists differ at element [0]: 12 395 ₽ != 18 890 ₽ expected [12 395 ₽] but found [18 890 ₽]]]>
            </message>
            <full-stacktrace>
              <![CDATA[java.lang.AssertionError: Lists differ at element [0]: 12 395 ₽ != 18 890 ₽ expected [12 395 ₽] but found [18 890 ₽]
	at org.testng.Assert.fail(Assert.java:94)
	at org.testng.Assert.failNotEquals(Assert.java:494)
	at org.testng.Assert.assertEquals(Assert.java:123)
	at org.testng.Assert.assertEquals(Assert.java:549)
	at org.testng.Assert.assertEquals(Assert.java:514)
	at autotest.yandex.YandexMarketTest.SortingAscTest(YandexMarketTest.java:41)
	at sun.reflect.NativeMethodAccessorImpl.invoke0(Native Method)
	at sun.reflect.NativeMethodAccessorImpl.invoke(NativeMethodAccessorImpl.java:62)
	at sun.reflect.DelegatingMethodAccessorImpl.invoke(DelegatingMethodAccessorImpl.java:43)
	at java.lang.reflect.Method.invoke(Method.java:498)
	at org.testng.internal.MethodInvocationHelper.invokeMethod(MethodInvocationHelper.java:84)
	at org.testng.internal.Invoker.invokeMethod(Invoker.java:714)
	at org.testng.internal.Invoker.invokeTestMethod(Invoker.java:901)
	at org.testng.internal.Invoker.invokeTestMethods(Invoker.java:1231)
	at org.testng.internal.TestMethodWorker.invokeTestMethods(TestMethodWorker.java:127)
	at org.testng.internal.TestMethodWorker.run(TestMethodWorker.java:111)
	at org.testng.TestRunner.privateRun(TestRunner.java:767)
	at org.testng.TestRunner.run(TestRunner.java:617)
	at org.testng.SuiteRunner.runTest(SuiteRunner.java:334)
	at org.testng.SuiteRunner.runSequentially(SuiteRunner.java:329)
	at org.testng.SuiteRunner.privateRun(SuiteRunner.java:291)
	at org.testng.SuiteRunner.run(SuiteRunner.java:240)
	at org.testng.SuiteRunnerWorker.runSuite(SuiteRunnerWorker.java:52)
	at org.testng.SuiteRunnerWorker.run(SuiteRunnerWorker.java:86)
	at org.testng.TestNG.runSuitesSequentially(TestNG.java:1224)
	at org.testng.TestNG.runSuitesLocally(TestNG.java:1149)
	at org.testng.TestNG.run(TestNG.java:1057)
	at org.apache.maven.surefire.testng.TestNGExecutor.run(TestNGExecutor.java:115)
	at org.apache.maven.surefire.testng.TestNGDirectoryTestSuite.executeMulti(TestNGDirectoryTestSuite.java:205)
	at org.apache.maven.surefire.testng.TestNGDirectoryTestSuite.execute(TestNGDirectoryTestSuite.java:108)
	at org.apache.maven.surefire.testng.TestNGProvider.invoke(TestNGProvider.java:111)
	at org.apache.maven.surefire.booter.ForkedBooter.invokeProviderInSameClassLoader(ForkedBooter.java:203)
	at org.apache.maven.surefire.booter.ForkedBooter.runSuitesInProcess(ForkedBooter.java:155)
	at org.apache.maven.surefire.booter.ForkedBooter.main(ForkedBooter.java:103)
]]>
            </full-stacktrace>
          </exception> <!-- java.lang.AssertionError -->
          <reporter-output>
          </reporter-output>
        </test-method> <!-- SortingAscTest -->
        <test-method status="PASS" signature="SortingDescTest()[pri:0, instance:autotest.yandex.YandexMarketTest@32d992b2]" name="SortingDescTest" duration-ms="2505" started-at="2018-03-05T11:26:05Z" finished-at="2018-03-05T11:26:08Z">
          <reporter-output>
          </reporter-output>
        </test-method> <!-- SortingDescTest -->
        <test-method status="PASS" signature="DriverClose()[pri:0, instance:autotest.yandex.YandexMarketTest@32d992b2]" name="DriverClose" is-config="true" duration-ms="82" started-at="2018-03-05T11:26:08Z" finished-at="2018-03-05T11:26:08Z">
          <reporter-output>
          </reporter-output>
        </test-method> <!-- DriverClose -->
      </class> <!-- autotest.yandex.YandexMarketTest -->
    </test> <!-- Surefire test -->
  </suite> <!-- Surefire suite -->
</testng-results>
